<?xml version="1.0" encoding="UTF-8"?>
<!-- Generated by org.testng.reporters.JUnitReportReporter -->
<testsuite hostname="ACSEDP183" failures="0" tests="2" name="CKYC.ICICI.AllSearch" time="23.711" errors="0" timestamp="2024-01-06T15:02:17 IST" skipped="0">
  <testcase classname="CKYC.ICICI.AllSearch" name="makerUserLogin" time="4.087"/>
  <system-out>
    <![CDATA[Sat Jan 06 14:56:52 IST 2024 - Maker User LoggedIn]]>
  </system-out>
  <testcase classname="CKYC.ICICI.AllSearch" name="allSearchDownload" time="19.624"/>
  <system-out>
    <![CDATA[Sat Jan 06 14:56:52 IST 2024 -  Multi Search and Download Started
Sat Jan 06 14:56:52 IST 2024 - Searching with Aadhar no
Sat Jan 06 14:56:52 IST 2024 - Searching with PAN no
Sat Jan 06 14:56:52 IST 2024 - Searching with VoterID
Sat Jan 06 14:56:52 IST 2024 - Searching with PassportNO
Sat Jan 06 14:56:52 IST 2024 - Searching with CKYCID
Sat Jan 06 14:56:52 IST 2024 - Invalid Aadhaar Number
Sat Jan 06 14:56:52 IST 2024 - Invalid PAN Number
Sat Jan 06 14:56:52 IST 2024 - Invalid Passport Number
Sat Jan 06 14:56:52 IST 2024 - Invalid CKYC Number]]>
  </system-out>
</testsuite> <!-- CKYC.ICICI.AllSearch -->
