<?xml version="1.0" encoding="UTF-8"?>
<!-- Generated by org.testng.reporters.JUnitReportReporter -->
<testsuite hostname="ACSEDP183" failures="0" tests="3" name="CKYC.ICICI.MakerUser" time="45.578" errors="0" timestamp="2024-01-06T15:02:17 IST" skipped="0">
  <testcase classname="CKYC.ICICI.MakerUser" name="makerUserLogin" time="4.610"/>
  <system-out>
    <![CDATA[Sat Jan 06 14:56:52 IST 2024 - Maker User LoggedIn]]>
  </system-out>
  <testcase classname="CKYC.ICICI.MakerUser" name="pendingCustomerDetails" time="4.045"/>
  <system-out>
    <![CDATA[Sat Jan 06 14:56:52 IST 2024 - Checking Pending customer count
Sat Jan 06 14:56:52 IST 2024 - Total 11 Pending customer found for makers Entry]]>
  </system-out>
  <testcase classname="CKYC.ICICI.MakerUser" name="pendingCustIsImgUpload" time="36.923"/>
  <system-out>
    <![CDATA[Sat Jan 06 14:56:52 IST 2024 - Checking images for recent pending customer
Sat Jan 06 14:56:52 IST 2024 - Img not uploaded for select customer]]>
  </system-out>
</testsuite> <!-- CKYC.ICICI.MakerUser -->
