<?xml version="1.0" encoding="UTF-8"?>
<testsuite xmlns:xsi="http://www.w3.org/2001/XMLSchema-instance" xsi:noNamespaceSchemaLocation="https://maven.apache.org/surefire/maven-surefire-plugin/xsd/surefire-test-report-3.0.xsd" version="3.0" name="TestSuite" time="326.568" tests="27" errors="0" skipped="0" failures="2">
  <properties>
    <property name="fileName" value="testng8.xml"/>
    <property name="java.specification.version" value="17"/>
    <property name="sun.cpu.isalist" value="amd64"/>
    <property name="sun.jnu.encoding" value="Cp1252"/>
    <property name="sun.awt.enableExtraMouseButtons" value="true"/>
    <property name="java.class.path" value="D:\KiranG\CKYC Automation testing\PSB CKYC\CKYC_AutomationTesting\ICICI\target\test-classes;D:\KiranG\CKYC Automation testing\PSB CKYC\CKYC_AutomationTesting\ICICI\target\classes;C:\Users\kirang\.m2\repository\junit\junit\3.8.1\junit-3.8.1.jar;C:\Users\kirang\.m2\repository\org\seleniumhq\selenium\selenium-java\4.16.1\selenium-java-4.16.1.jar;C:\Users\kirang\.m2\repository\org\seleniumhq\selenium\selenium-api\4.16.1\selenium-api-4.16.1.jar;C:\Users\kirang\.m2\repository\org\seleniumhq\selenium\selenium-chrome-driver\4.16.1\selenium-chrome-driver-4.16.1.jar;C:\Users\kirang\.m2\repository\com\google\auto\service\auto-service-annotations\1.1.1\auto-service-annotations-1.1.1.jar;C:\Users\kirang\.m2\repository\org\seleniumhq\selenium\selenium-chromium-driver\4.16.1\selenium-chromium-driver-4.16.1.jar;C:\Users\kirang\.m2\repository\org\seleniumhq\selenium\selenium-json\4.16.1\selenium-json-4.16.1.jar;C:\Users\kirang\.m2\repository\org\seleniumhq\selenium\selenium-manager\4.16.1\selenium-manager-4.16.1.jar;C:\Users\kirang\.m2\repository\org\seleniumhq\selenium\selenium-devtools-v118\4.16.1\selenium-devtools-v118-4.16.1.jar;C:\Users\kirang\.m2\repository\org\seleniumhq\selenium\selenium-devtools-v119\4.16.1\selenium-devtools-v119-4.16.1.jar;C:\Users\kirang\.m2\repository\org\seleniumhq\selenium\selenium-devtools-v120\4.16.1\selenium-devtools-v120-4.16.1.jar;C:\Users\kirang\.m2\repository\org\seleniumhq\selenium\selenium-devtools-v85\4.16.1\selenium-devtools-v85-4.16.1.jar;C:\Users\kirang\.m2\repository\org\seleniumhq\selenium\selenium-edge-driver\4.16.1\selenium-edge-driver-4.16.1.jar;C:\Users\kirang\.m2\repository\org\seleniumhq\selenium\selenium-firefox-driver\4.16.1\selenium-firefox-driver-4.16.1.jar;C:\Users\kirang\.m2\repository\org\seleniumhq\selenium\selenium-http\4.16.1\selenium-http-4.16.1.jar;C:\Users\kirang\.m2\repository\dev\failsafe\failsafe\3.3.2\failsafe-3.3.2.jar;C:\Users\kirang\.m2\repository\org\seleniumhq\selenium\selenium-ie-driver\4.16.1\selenium-ie-driver-4.16.1.jar;C:\Users\kirang\.m2\repository\org\seleniumhq\selenium\selenium-remote-driver\4.16.1\selenium-remote-driver-4.16.1.jar;C:\Users\kirang\.m2\repository\com\google\guava\guava\32.1.2-jre\guava-32.1.2-jre.jar;C:\Users\kirang\.m2\repository\com\google\guava\failureaccess\1.0.1\failureaccess-1.0.1.jar;C:\Users\kirang\.m2\repository\com\google\guava\listenablefuture\9999.0-empty-to-avoid-conflict-with-guava\listenablefuture-9999.0-empty-to-avoid-conflict-with-guava.jar;C:\Users\kirang\.m2\repository\com\google\code\findbugs\jsr305\3.0.2\jsr305-3.0.2.jar;C:\Users\kirang\.m2\repository\org\checkerframework\checker-qual\3.33.0\checker-qual-3.33.0.jar;C:\Users\kirang\.m2\repository\com\google\errorprone\error_prone_annotations\2.18.0\error_prone_annotations-2.18.0.jar;C:\Users\kirang\.m2\repository\com\google\j2objc\j2objc-annotations\2.8\j2objc-annotations-2.8.jar;C:\Users\kirang\.m2\repository\io\opentelemetry\opentelemetry-api\1.28.0\opentelemetry-api-1.28.0.jar;C:\Users\kirang\.m2\repository\io\opentelemetry\opentelemetry-context\1.28.0\opentelemetry-context-1.28.0.jar;C:\Users\kirang\.m2\repository\io\opentelemetry\opentelemetry-exporter-logging\1.28.0\opentelemetry-exporter-logging-1.28.0.jar;C:\Users\kirang\.m2\repository\io\opentelemetry\opentelemetry-sdk-metrics\1.28.0\opentelemetry-sdk-metrics-1.28.0.jar;C:\Users\kirang\.m2\repository\io\opentelemetry\opentelemetry-extension-incubator\1.28.0-alpha\opentelemetry-extension-incubator-1.28.0-alpha.jar;C:\Users\kirang\.m2\repository\io\opentelemetry\opentelemetry-sdk-logs\1.28.0\opentelemetry-sdk-logs-1.28.0.jar;C:\Users\kirang\.m2\repository\io\opentelemetry\opentelemetry-sdk-common\1.28.0\opentelemetry-sdk-common-1.28.0.jar;C:\Users\kirang\.m2\repository\io\opentelemetry\opentelemetry-sdk-extension-autoconfigure-spi\1.28.0\opentelemetry-sdk-extension-autoconfigure-spi-1.28.0.jar;C:\Users\kirang\.m2\repository\io\opentelemetry\opentelemetry-sdk-extension-autoconfigure\1.28.0\opentelemetry-sdk-extension-autoconfigure-1.28.0.jar;C:\Users\kirang\.m2\repository\io\opentelemetry\opentelemetry-api-events\1.28.0-alpha\opentelemetry-api-events-1.28.0-alpha.jar;C:\Users\kirang\.m2\repository\io\opentelemetry\opentelemetry-sdk-trace\1.28.0\opentelemetry-sdk-trace-1.28.0.jar;C:\Users\kirang\.m2\repository\io\opentelemetry\opentelemetry-sdk\1.28.0\opentelemetry-sdk-1.28.0.jar;C:\Users\kirang\.m2\repository\io\opentelemetry\opentelemetry-semconv\1.28.0-alpha\opentelemetry-semconv-1.28.0-alpha.jar;C:\Users\kirang\.m2\repository\net\bytebuddy\byte-buddy\1.14.5\byte-buddy-1.14.5.jar;C:\Users\kirang\.m2\repository\org\seleniumhq\selenium\selenium-os\4.16.1\selenium-os-4.16.1.jar;C:\Users\kirang\.m2\repository\org\apache\commons\commons-exec\1.3\commons-exec-1.3.jar;C:\Users\kirang\.m2\repository\org\seleniumhq\selenium\selenium-safari-driver\4.16.1\selenium-safari-driver-4.16.1.jar;C:\Users\kirang\.m2\repository\org\seleniumhq\selenium\selenium-support\4.16.1\selenium-support-4.16.1.jar;C:\Users\kirang\.m2\repository\org\testng\testng\7.7.1\testng-7.7.1.jar;C:\Users\kirang\.m2\repository\com\beust\jcommander\1.82\jcommander-1.82.jar;C:\Users\kirang\.m2\repository\org\webjars\jquery\3.6.1\jquery-3.6.1.jar;C:\Users\kirang\.m2\repository\org\slf4j\slf4j-api\1.7.5\slf4j-api-1.7.5.jar;C:\Users\kirang\.m2\repository\org\slf4j\slf4j-log4j12\1.7.5\slf4j-log4j12-1.7.5.jar;C:\Users\kirang\.m2\repository\log4j\log4j\1.2.17\log4j-1.2.17.jar;C:\Users\kirang\.m2\repository\org\apache\logging\log4j\log4j-core\2.17.2\log4j-core-2.17.2.jar;C:\Users\kirang\.m2\repository\org\apache\logging\log4j\log4j-api\2.17.2\log4j-api-2.17.2.jar;C:\Users\kirang\.m2\repository\commons-io\commons-io\2.15.0\commons-io-2.15.0.jar;C:\Users\kirang\.m2\repository\com\aventstack\extentreports\3.1.5\extentreports-3.1.5.jar;C:\Users\kirang\.m2\repository\org\freemarker\freemarker\2.3.23\freemarker-2.3.23.jar;C:\Users\kirang\.m2\repository\org\mongodb\mongodb-driver\3.3.0\mongodb-driver-3.3.0.jar;C:\Users\kirang\.m2\repository\org\mongodb\bson\3.3.0\bson-3.3.0.jar;C:\Users\kirang\.m2\repository\org\mongodb\mongodb-driver-core\3.3.0\mongodb-driver-core-3.3.0.jar;C:\Users\kirang\.m2\repository\org\apache\httpcomponents\httpclient\4.5.2\httpclient-4.5.2.jar;C:\Users\kirang\.m2\repository\org\apache\httpcomponents\httpcore\4.4.4\httpcore-4.4.4.jar;C:\Users\kirang\.m2\repository\commons-logging\commons-logging\1.2\commons-logging-1.2.jar;C:\Users\kirang\.m2\repository\commons-codec\commons-codec\1.9\commons-codec-1.9.jar;C:\Users\kirang\.m2\repository\org\apache\httpcomponents\httpmime\4.5.2\httpmime-4.5.2.jar;C:\Users\kirang\.m2\repository\org\jsoup\jsoup\1.9.2\jsoup-1.9.2.jar;C:\Users\kirang\.m2\repository\com\google\code\gson\gson\2.8.0\gson-2.8.0.jar;C:\Users\kirang\.m2\repository\org\apache\commons\commons-email\1.5\commons-email-1.5.jar;C:\Users\kirang\.m2\repository\com\sun\mail\javax.mail\1.5.6\javax.mail-1.5.6.jar;C:\Users\kirang\.m2\repository\javax\activation\activation\1.1\activation-1.1.jar;"/>
    <property name="java.vm.vendor" value="Oracle Corporation"/>
    <property name="sun.arch.data.model" value="64"/>
    <property name="user.variant" value=""/>
    <property name="java.vendor.url" value="https://java.oracle.com/"/>
    <property name="user.timezone" value="Asia/Calcutta"/>
    <property name="os.name" value="Windows 10"/>
    <property name="java.vm.specification.version" value="17"/>
    <property name="sun.java.launcher" value="SUN_STANDARD"/>
    <property name="user.country" value="IN"/>
    <property name="sun.boot.library.path" value="C:\Program Files\Java\jdk-17.0.4.1\bin"/>
    <property name="sun.java.command" value="C:\Users\kirang\AppData\Local\Temp\surefire13599502173343294490\surefirebooter-20240106145649174_3.jar C:\Users\kirang\AppData\Local\Temp\surefire13599502173343294490 2024-01-06T14-56-48_377-jvmRun1 surefire-20240106145649174_1tmp surefire_0-20240106145649174_2tmp"/>
    <property name="jdk.debug" value="release"/>
    <property name="surefire.test.class.path" value="D:\KiranG\CKYC Automation testing\PSB CKYC\CKYC_AutomationTesting\ICICI\target\test-classes;D:\KiranG\CKYC Automation testing\PSB CKYC\CKYC_AutomationTesting\ICICI\target\classes;C:\Users\kirang\.m2\repository\junit\junit\3.8.1\junit-3.8.1.jar;C:\Users\kirang\.m2\repository\org\seleniumhq\selenium\selenium-java\4.16.1\selenium-java-4.16.1.jar;C:\Users\kirang\.m2\repository\org\seleniumhq\selenium\selenium-api\4.16.1\selenium-api-4.16.1.jar;C:\Users\kirang\.m2\repository\org\seleniumhq\selenium\selenium-chrome-driver\4.16.1\selenium-chrome-driver-4.16.1.jar;C:\Users\kirang\.m2\repository\com\google\auto\service\auto-service-annotations\1.1.1\auto-service-annotations-1.1.1.jar;C:\Users\kirang\.m2\repository\org\seleniumhq\selenium\selenium-chromium-driver\4.16.1\selenium-chromium-driver-4.16.1.jar;C:\Users\kirang\.m2\repository\org\seleniumhq\selenium\selenium-json\4.16.1\selenium-json-4.16.1.jar;C:\Users\kirang\.m2\repository\org\seleniumhq\selenium\selenium-manager\4.16.1\selenium-manager-4.16.1.jar;C:\Users\kirang\.m2\repository\org\seleniumhq\selenium\selenium-devtools-v118\4.16.1\selenium-devtools-v118-4.16.1.jar;C:\Users\kirang\.m2\repository\org\seleniumhq\selenium\selenium-devtools-v119\4.16.1\selenium-devtools-v119-4.16.1.jar;C:\Users\kirang\.m2\repository\org\seleniumhq\selenium\selenium-devtools-v120\4.16.1\selenium-devtools-v120-4.16.1.jar;C:\Users\kirang\.m2\repository\org\seleniumhq\selenium\selenium-devtools-v85\4.16.1\selenium-devtools-v85-4.16.1.jar;C:\Users\kirang\.m2\repository\org\seleniumhq\selenium\selenium-edge-driver\4.16.1\selenium-edge-driver-4.16.1.jar;C:\Users\kirang\.m2\repository\org\seleniumhq\selenium\selenium-firefox-driver\4.16.1\selenium-firefox-driver-4.16.1.jar;C:\Users\kirang\.m2\repository\org\seleniumhq\selenium\selenium-http\4.16.1\selenium-http-4.16.1.jar;C:\Users\kirang\.m2\repository\dev\failsafe\failsafe\3.3.2\failsafe-3.3.2.jar;C:\Users\kirang\.m2\repository\org\seleniumhq\selenium\selenium-ie-driver\4.16.1\selenium-ie-driver-4.16.1.jar;C:\Users\kirang\.m2\repository\org\seleniumhq\selenium\selenium-remote-driver\4.16.1\selenium-remote-driver-4.16.1.jar;C:\Users\kirang\.m2\repository\com\google\guava\guava\32.1.2-jre\guava-32.1.2-jre.jar;C:\Users\kirang\.m2\repository\com\google\guava\failureaccess\1.0.1\failureaccess-1.0.1.jar;C:\Users\kirang\.m2\repository\com\google\guava\listenablefuture\9999.0-empty-to-avoid-conflict-with-guava\listenablefuture-9999.0-empty-to-avoid-conflict-with-guava.jar;C:\Users\kirang\.m2\repository\com\google\code\findbugs\jsr305\3.0.2\jsr305-3.0.2.jar;C:\Users\kirang\.m2\repository\org\checkerframework\checker-qual\3.33.0\checker-qual-3.33.0.jar;C:\Users\kirang\.m2\repository\com\google\errorprone\error_prone_annotations\2.18.0\error_prone_annotations-2.18.0.jar;C:\Users\kirang\.m2\repository\com\google\j2objc\j2objc-annotations\2.8\j2objc-annotations-2.8.jar;C:\Users\kirang\.m2\repository\io\opentelemetry\opentelemetry-api\1.28.0\opentelemetry-api-1.28.0.jar;C:\Users\kirang\.m2\repository\io\opentelemetry\opentelemetry-context\1.28.0\opentelemetry-context-1.28.0.jar;C:\Users\kirang\.m2\repository\io\opentelemetry\opentelemetry-exporter-logging\1.28.0\opentelemetry-exporter-logging-1.28.0.jar;C:\Users\kirang\.m2\repository\io\opentelemetry\opentelemetry-sdk-metrics\1.28.0\opentelemetry-sdk-metrics-1.28.0.jar;C:\Users\kirang\.m2\repository\io\opentelemetry\opentelemetry-extension-incubator\1.28.0-alpha\opentelemetry-extension-incubator-1.28.0-alpha.jar;C:\Users\kirang\.m2\repository\io\opentelemetry\opentelemetry-sdk-logs\1.28.0\opentelemetry-sdk-logs-1.28.0.jar;C:\Users\kirang\.m2\repository\io\opentelemetry\opentelemetry-sdk-common\1.28.0\opentelemetry-sdk-common-1.28.0.jar;C:\Users\kirang\.m2\repository\io\opentelemetry\opentelemetry-sdk-extension-autoconfigure-spi\1.28.0\opentelemetry-sdk-extension-autoconfigure-spi-1.28.0.jar;C:\Users\kirang\.m2\repository\io\opentelemetry\opentelemetry-sdk-extension-autoconfigure\1.28.0\opentelemetry-sdk-extension-autoconfigure-1.28.0.jar;C:\Users\kirang\.m2\repository\io\opentelemetry\opentelemetry-api-events\1.28.0-alpha\opentelemetry-api-events-1.28.0-alpha.jar;C:\Users\kirang\.m2\repository\io\opentelemetry\opentelemetry-sdk-trace\1.28.0\opentelemetry-sdk-trace-1.28.0.jar;C:\Users\kirang\.m2\repository\io\opentelemetry\opentelemetry-sdk\1.28.0\opentelemetry-sdk-1.28.0.jar;C:\Users\kirang\.m2\repository\io\opentelemetry\opentelemetry-semconv\1.28.0-alpha\opentelemetry-semconv-1.28.0-alpha.jar;C:\Users\kirang\.m2\repository\net\bytebuddy\byte-buddy\1.14.5\byte-buddy-1.14.5.jar;C:\Users\kirang\.m2\repository\org\seleniumhq\selenium\selenium-os\4.16.1\selenium-os-4.16.1.jar;C:\Users\kirang\.m2\repository\org\apache\commons\commons-exec\1.3\commons-exec-1.3.jar;C:\Users\kirang\.m2\repository\org\seleniumhq\selenium\selenium-safari-driver\4.16.1\selenium-safari-driver-4.16.1.jar;C:\Users\kirang\.m2\repository\org\seleniumhq\selenium\selenium-support\4.16.1\selenium-support-4.16.1.jar;C:\Users\kirang\.m2\repository\org\testng\testng\7.7.1\testng-7.7.1.jar;C:\Users\kirang\.m2\repository\com\beust\jcommander\1.82\jcommander-1.82.jar;C:\Users\kirang\.m2\repository\org\webjars\jquery\3.6.1\jquery-3.6.1.jar;C:\Users\kirang\.m2\repository\org\slf4j\slf4j-api\1.7.5\slf4j-api-1.7.5.jar;C:\Users\kirang\.m2\repository\org\slf4j\slf4j-log4j12\1.7.5\slf4j-log4j12-1.7.5.jar;C:\Users\kirang\.m2\repository\log4j\log4j\1.2.17\log4j-1.2.17.jar;C:\Users\kirang\.m2\repository\org\apache\logging\log4j\log4j-core\2.17.2\log4j-core-2.17.2.jar;C:\Users\kirang\.m2\repository\org\apache\logging\log4j\log4j-api\2.17.2\log4j-api-2.17.2.jar;C:\Users\kirang\.m2\repository\commons-io\commons-io\2.15.0\commons-io-2.15.0.jar;C:\Users\kirang\.m2\repository\com\aventstack\extentreports\3.1.5\extentreports-3.1.5.jar;C:\Users\kirang\.m2\repository\org\freemarker\freemarker\2.3.23\freemarker-2.3.23.jar;C:\Users\kirang\.m2\repository\org\mongodb\mongodb-driver\3.3.0\mongodb-driver-3.3.0.jar;C:\Users\kirang\.m2\repository\org\mongodb\bson\3.3.0\bson-3.3.0.jar;C:\Users\kirang\.m2\repository\org\mongodb\mongodb-driver-core\3.3.0\mongodb-driver-core-3.3.0.jar;C:\Users\kirang\.m2\repository\org\apache\httpcomponents\httpclient\4.5.2\httpclient-4.5.2.jar;C:\Users\kirang\.m2\repository\org\apache\httpcomponents\httpcore\4.4.4\httpcore-4.4.4.jar;C:\Users\kirang\.m2\repository\commons-logging\commons-logging\1.2\commons-logging-1.2.jar;C:\Users\kirang\.m2\repository\commons-codec\commons-codec\1.9\commons-codec-1.9.jar;C:\Users\kirang\.m2\repository\org\apache\httpcomponents\httpmime\4.5.2\httpmime-4.5.2.jar;C:\Users\kirang\.m2\repository\org\jsoup\jsoup\1.9.2\jsoup-1.9.2.jar;C:\Users\kirang\.m2\repository\com\google\code\gson\gson\2.8.0\gson-2.8.0.jar;C:\Users\kirang\.m2\repository\org\apache\commons\commons-email\1.5\commons-email-1.5.jar;C:\Users\kirang\.m2\repository\com\sun\mail\javax.mail\1.5.6\javax.mail-1.5.6.jar;C:\Users\kirang\.m2\repository\javax\activation\activation\1.1\activation-1.1.jar;"/>
    <property name="sun.cpu.endian" value="little"/>
    <property name="user.home" value="C:\Users\kirang"/>
    <property name="user.language" value="en"/>
    <property name="java.specification.vendor" value="Oracle Corporation"/>
    <property name="java.version.date" value="2022-08-18"/>
    <property name="java.home" value="C:\Program Files\Java\jdk-17.0.4.1"/>
    <property name="file.separator" value="\"/>
    <property name="basedir" value="D:\KiranG\CKYC Automation testing\PSB CKYC\CKYC_AutomationTesting\ICICI"/>
    <property name="java.vm.compressedOopsMode" value="Zero based"/>
    <property name="line.separator" value="&#10;"/>
    <property name="java.vm.specification.vendor" value="Oracle Corporation"/>
    <property name="java.specification.name" value="Java Platform API Specification"/>
    <property name="surefire.real.class.path" value="C:\Users\kirang\AppData\Local\Temp\surefire13599502173343294490\surefirebooter-20240106145649174_3.jar"/>
    <property name="user.script" value=""/>
    <property name="sun.management.compiler" value="HotSpot 64-Bit Tiered Compilers"/>
    <property name="java.runtime.version" value="17.0.4.1+1-LTS-2"/>
    <property name="user.name" value="Kirang"/>
    <property name="path.separator" value=";"/>
    <property name="os.version" value="10.0"/>
    <property name="java.runtime.name" value="Java(TM) SE Runtime Environment"/>
    <property name="file.encoding" value="Cp1252"/>
    <property name="java.vm.name" value="Java HotSpot(TM) 64-Bit Server VM"/>
    <property name="localRepository" value="C:\Users\kirang\.m2\repository"/>
    <property name="java.vendor.url.bug" value="https://bugreport.java.com/bugreport/"/>
    <property name="java.io.tmpdir" value="C:\Users\kirang\AppData\Local\Temp\"/>
    <property name="java.version" value="17.0.4.1"/>
    <property name="user.dir" value="D:\KiranG\CKYC Automation testing\PSB CKYC\CKYC_AutomationTesting\ICICI"/>
    <property name="os.arch" value="amd64"/>
    <property name="java.vm.specification.name" value="Java Virtual Machine Specification"/>
    <property name="sun.os.patch.level" value=""/>
    <property name="native.encoding" value="Cp1252"/>
    <property name="java.library.path" value="C:\Program Files\Java\jdk-17.0.4.1\bin;C:\Windows\Sun\Java\bin;C:\Windows\system32;C:\Windows;C:\Program Files\Common Files\Oracle\Java\javapath;C:\Windows\system32;C:\Windows;C:\Windows\System32\Wbem;C:\Windows\System32\WindowsPowerShell\v1.0\;C:\Windows\System32\OpenSSH\;C:\Program Files (x86)\Windows Kits\8.1\Windows Performance Toolkit\;C:\Program Files\Microsoft SQL Server\110\Tools\Binn\;C:\Program Files (x86)\Microsoft SDKs\TypeScript\1.0\;C:\Program Files\Microsoft SQL Server\120\Tools\Binn\;C:\Program Files\Microsoft SQL Server\150\Tools\Binn\;C:\Program Files (x86)\Microsoft SQL Server\160\DTS\Binn\;C:\Users\kirang\AppData\Local\Microsoft\WindowsApps;C:\Users\kirang\AppData\Local\Programs\Microsoft VS Code\bin;D:\KiranG\Softwre\apache-maven-3.9.6\bin;;."/>
    <property name="java.vm.info" value="mixed mode, sharing"/>
    <property name="java.vendor" value="Oracle Corporation"/>
    <property name="java.vm.version" value="17.0.4.1+1-LTS-2"/>
    <property name="sun.io.unicode.encoding" value="UnicodeLittle"/>
    <property name="java.class.version" value="61.0"/>
  </properties>
  <testcase name="loginCentralUser" classname="CKYC.ICICI.CentralUser" time="61.978">
    <system-out><![CDATA[Sat Jan 06 14:56:52 IST 2024 - Test Start
Sat Jan 06 14:56:52 IST 2024 - Browser Open
Sat Jan 06 14:56:52 IST 2024 - Central Loggedin
]]></system-out>
    <system-err><![CDATA[log4j:WARN No appenders could be found for logger (org.testng.TestNG).
log4j:WARN Please initialize the log4j system properly.
log4j:WARN See http://logging.apache.org/log4j/1.2/faq.html#noconfig for more info.
]]></system-err>
  </testcase>
  <testcase name="uploadDumpFile" classname="CKYC.ICICI.CentralUser" time="9.949">
    <system-out><![CDATA[Sat Jan 06 14:56:52 IST 2024 - Dump file upload started
Sat Jan 06 14:56:52 IST 2024 - Dump File already exists. Upload new file.
]]></system-out>
  </testcase>
  <testcase name="generateCkycBulkFile" classname="CKYC.ICICI.CentralUser" time="10.77">
    <system-out><![CDATA[Sat Jan 06 14:56:52 IST 2024 - CKYC Bulk File Generate Test Started
Sat Jan 06 14:56:52 IST 2024 - CKYC Bulk File --> File export failed - No records to export.
]]></system-out>
  </testcase>
  <testcase name="uploadCkycResponce" classname="CKYC.ICICI.CentralUser" time="8.087">
    <system-out><![CDATA[Sat Jan 06 14:56:52 IST 2024 - CKYC Responce upload started
Sat Jan 06 14:56:52 IST 2024 - File already exists. Upload new file.
]]></system-out>
  </testcase>
  <testcase name="ckycIdGeneretedReport" classname="CKYC.ICICI.CentralUser" time="14.565">
    <system-out><![CDATA[Sat Jan 06 14:56:52 IST 2024 - CKYC ID Grnerate Report Test Start
Sat Jan 06 14:56:52 IST 2024 - CKYC Generated ID End date should be greater than Start date
Sat Jan 06 14:56:52 IST 2024 - CKYC Generated ID Please Enter To Created Date
]]></system-out>
  </testcase>
  <testcase name="reportCBSImportError" classname="CKYC.ICICI.CentralUser" time="12.564">
    <system-out><![CDATA[Sat Jan 06 14:56:52 IST 2024 - Generating CBS Import Report
Status Report                   
Stale ElementReference Exception
]]></system-out>
  </testcase>
  <testcase name="reportDraftSave" classname="CKYC.ICICI.CentralUser" time="5.755">
    <system-out><![CDATA[Sat Jan 06 14:56:52 IST 2024 - Generating Draft Save Report
Status Report                   
Stale ElementReference Exception
]]></system-out>
  </testcase>
  <testcase name="reportImageUploadPending" classname="CKYC.ICICI.CentralUser" time="5.212">
    <system-out><![CDATA[Sat Jan 06 14:56:52 IST 2024 - Generating Draft Save Report
Status Report                   
Stale ElementReference Exception
]]></system-out>
  </testcase>
  <testcase name="reportPendingCheckerApproval" classname="CKYC.ICICI.CentralUser" time="3.536">
    <system-out><![CDATA[Sat Jan 06 14:56:52 IST 2024 - Generating Pending checker Approval Report
Status Report                   
Stale ElementReference Exception
]]></system-out>
  </testcase>
  <testcase name="reportRejectedByChecker" classname="CKYC.ICICI.CentralUser" time="4.468">
    <system-out><![CDATA[Sat Jan 06 14:56:52 IST 2024 - Generating Rejected By Checker Report
Status Report                   
Stale ElementReference Exception
]]></system-out>
  </testcase>
  <testcase name="reportApprovedByChecker" classname="CKYC.ICICI.CentralUser" time="4.644">
    <system-out><![CDATA[Sat Jan 06 14:56:52 IST 2024 - Generating Approved By Checker Report
Status Report                   
Stale ElementReference Exception
]]></system-out>
  </testcase>
  <testcase name="reportBulkFileGenerated" classname="CKYC.ICICI.CentralUser" time="9.963">
    <system-out><![CDATA[Sat Jan 06 14:56:52 IST 2024 - Generating Bulk File Generated Report
Status Report                   
Stale ElementReference Exception
]]></system-out>
  </testcase>
  <testcase name="reportFiReconcilationPending" classname="CKYC.ICICI.CentralUser" time="6.162">
    <system-out><![CDATA[Sat Jan 06 14:56:52 IST 2024 - Generating FI Reconcilation Pending Report
Status Report                   
Stale ElementReference Exception
]]></system-out>
  </testcase>
  <testcase name="reportUploadedToCkycPortal" classname="CKYC.ICICI.CentralUser" time="9.557">
    <failure message="null" type="java.lang.AssertionError"><![CDATA[java.lang.AssertionError: null
	at org.testng.Assert.fail(Assert.java:110)
	at org.testng.Assert.fail(Assert.java:115)
	at CKYC.ICICI.CentralUser.reportUploadedToCkycPortal(CentralUser.java:1113)
	at java.base/jdk.internal.reflect.NativeMethodAccessorImpl.invoke0(Native Method)
	at java.base/jdk.internal.reflect.NativeMethodAccessorImpl.invoke(NativeMethodAccessorImpl.java:77)
	at java.base/jdk.internal.reflect.DelegatingMethodAccessorImpl.invoke(DelegatingMethodAccessorImpl.java:43)
	at java.base/java.lang.reflect.Method.invoke(Method.java:568)
	at org.testng.internal.invokers.MethodInvocationHelper.invokeMethod(MethodInvocationHelper.java:139)
	at org.testng.internal.invokers.TestInvoker.invokeMethod(TestInvoker.java:677)
	at org.testng.internal.invokers.TestInvoker.invokeTestMethod(TestInvoker.java:221)
	at org.testng.internal.invokers.MethodRunner.runInSequence(MethodRunner.java:50)
	at org.testng.internal.invokers.TestInvoker$MethodInvocationAgent.invoke(TestInvoker.java:969)
	at org.testng.internal.invokers.TestInvoker.invokeTestMethods(TestInvoker.java:194)
	at org.testng.internal.invokers.TestMethodWorker.invokeTestMethods(TestMethodWorker.java:148)
	at org.testng.internal.invokers.TestMethodWorker.run(TestMethodWorker.java:128)
	at java.base/java.util.ArrayList.forEach(ArrayList.java:1511)
	at org.testng.TestRunner.privateRun(TestRunner.java:829)
	at org.testng.TestRunner.run(TestRunner.java:602)
	at org.testng.SuiteRunner.runTest(SuiteRunner.java:437)
	at org.testng.SuiteRunner.runSequentially(SuiteRunner.java:431)
	at org.testng.SuiteRunner.privateRun(SuiteRunner.java:391)
	at org.testng.SuiteRunner.run(SuiteRunner.java:330)
	at org.testng.SuiteRunnerWorker.runSuite(SuiteRunnerWorker.java:52)
	at org.testng.SuiteRunnerWorker.run(SuiteRunnerWorker.java:95)
	at org.testng.TestNG.runSuitesSequentially(TestNG.java:1256)
	at org.testng.TestNG.runSuitesLocally(TestNG.java:1176)
	at org.testng.TestNG.runSuites(TestNG.java:1099)
	at org.testng.TestNG.run(TestNG.java:1067)
	at org.apache.maven.surefire.testng.TestNGExecutor.run(TestNGExecutor.java:308)
	at org.apache.maven.surefire.testng.TestNGXmlTestSuite.execute(TestNGXmlTestSuite.java:71)
	at org.apache.maven.surefire.testng.TestNGProvider.invoke(TestNGProvider.java:113)
	at org.apache.maven.surefire.booter.ForkedBooter.runSuitesInProcess(ForkedBooter.java:385)
	at org.apache.maven.surefire.booter.ForkedBooter.execute(ForkedBooter.java:162)
	at org.apache.maven.surefire.booter.ForkedBooter.run(ForkedBooter.java:507)
	at org.apache.maven.surefire.booter.ForkedBooter.main(ForkedBooter.java:495)
]]></failure>
    <system-out><![CDATA[Sat Jan 06 14:56:52 IST 2024 - Generating Uploaded to CKYC Portal Report
Status Report                   
Stale ElementReference Exception
]]></system-out>
  </testcase>
  <testcase name="reportCkycIdExisting" classname="CKYC.ICICI.CentralUser" time="4.614">
    <system-out><![CDATA[Sat Jan 06 14:56:52 IST 2024 - Generating CKYC ID existing Report
Status Report                   
Stale ElementReference Exception
]]></system-out>
  </testcase>
  <testcase name="reportRjectedCkycPortal" classname="CKYC.ICICI.CentralUser" time="5.711">
    <system-out><![CDATA[Sat Jan 06 14:56:52 IST 2024 - Generating  Rejected CKYC Portal Report
Status Report                   
Stale ElementReference Exception
]]></system-out>
  </testcase>
  <testcase name="reportStageOneResponce" classname="CKYC.ICICI.CentralUser" time="4.273">
    <system-out><![CDATA[Sat Jan 06 14:56:52 IST 2024 - Generating Stage One Responce Report
Status Report                   
Stale ElementReference Exception
]]></system-out>
  </testcase>
  <testcase name="reportCkycIdGenerated" classname="CKYC.ICICI.CentralUser" time="3.445">
    <system-out><![CDATA[Sat Jan 06 14:56:52 IST 2024 - Generating CKYC ID Generated Report
Status Report                   
Stale ElementReference Exception
]]></system-out>
  </testcase>
  <testcase name="reportFiReconResponse" classname="CKYC.ICICI.CentralUser" time="4.894">
    <system-out><![CDATA[Sat Jan 06 14:56:52 IST 2024 - Generating FI Recon Response Report
Status Report                   
Stale ElementReference Exception
]]></system-out>
  </testcase>
  <testcase name="reportCkycRecordSuccUpdated" classname="CKYC.ICICI.CentralUser" time="4.382">
    <system-out><![CDATA[Sat Jan 06 14:56:52 IST 2024 - Generating CKYC ID Successfully Updated Report
Status Report                   
Stale ElementReference Exception
]]></system-out>
  </testcase>
  <testcase name="custSearchDetailRecord" classname="CKYC.ICICI.CentralUser" time="6.617">
    <system-out><![CDATA[Customer Record Detail Report
CustomerID does not Exist
]]></system-out>
  </testcase>
  <testcase name="helpTab" classname="CKYC.ICICI.CentralUser" time="5.951">
    <failure message="null" type="java.lang.AssertionError"><![CDATA[java.lang.AssertionError: null
	at org.testng.Assert.fail(Assert.java:110)
	at org.testng.Assert.fail(Assert.java:115)
	at CKYC.ICICI.CentralUser.helpTab(CentralUser.java:1690)
	at java.base/jdk.internal.reflect.NativeMethodAccessorImpl.invoke0(Native Method)
	at java.base/jdk.internal.reflect.NativeMethodAccessorImpl.invoke(NativeMethodAccessorImpl.java:77)
	at java.base/jdk.internal.reflect.DelegatingMethodAccessorImpl.invoke(DelegatingMethodAccessorImpl.java:43)
	at java.base/java.lang.reflect.Method.invoke(Method.java:568)
	at org.testng.internal.invokers.MethodInvocationHelper.invokeMethod(MethodInvocationHelper.java:139)
	at org.testng.internal.invokers.TestInvoker.invokeMethod(TestInvoker.java:677)
	at org.testng.internal.invokers.TestInvoker.invokeTestMethod(TestInvoker.java:221)
	at org.testng.internal.invokers.MethodRunner.runInSequence(MethodRunner.java:50)
	at org.testng.internal.invokers.TestInvoker$MethodInvocationAgent.invoke(TestInvoker.java:969)
	at org.testng.internal.invokers.TestInvoker.invokeTestMethods(TestInvoker.java:194)
	at org.testng.internal.invokers.TestMethodWorker.invokeTestMethods(TestMethodWorker.java:148)
	at org.testng.internal.invokers.TestMethodWorker.run(TestMethodWorker.java:128)
	at java.base/java.util.ArrayList.forEach(ArrayList.java:1511)
	at org.testng.TestRunner.privateRun(TestRunner.java:829)
	at org.testng.TestRunner.run(TestRunner.java:602)
	at org.testng.SuiteRunner.runTest(SuiteRunner.java:437)
	at org.testng.SuiteRunner.runSequentially(SuiteRunner.java:431)
	at org.testng.SuiteRunner.privateRun(SuiteRunner.java:391)
	at org.testng.SuiteRunner.run(SuiteRunner.java:330)
	at org.testng.SuiteRunnerWorker.runSuite(SuiteRunnerWorker.java:52)
	at org.testng.SuiteRunnerWorker.run(SuiteRunnerWorker.java:95)
	at org.testng.TestNG.runSuitesSequentially(TestNG.java:1256)
	at org.testng.TestNG.runSuitesLocally(TestNG.java:1176)
	at org.testng.TestNG.runSuites(TestNG.java:1099)
	at org.testng.TestNG.run(TestNG.java:1067)
	at org.apache.maven.surefire.testng.TestNGExecutor.run(TestNGExecutor.java:308)
	at org.apache.maven.surefire.testng.TestNGXmlTestSuite.execute(TestNGXmlTestSuite.java:71)
	at org.apache.maven.surefire.testng.TestNGProvider.invoke(TestNGProvider.java:113)
	at org.apache.maven.surefire.booter.ForkedBooter.runSuitesInProcess(ForkedBooter.java:385)
	at org.apache.maven.surefire.booter.ForkedBooter.execute(ForkedBooter.java:162)
	at org.apache.maven.surefire.booter.ForkedBooter.run(ForkedBooter.java:507)
	at org.apache.maven.surefire.booter.ForkedBooter.main(ForkedBooter.java:495)
]]></failure>
  </testcase>
  <testcase name="makerUserLogin" classname="CKYC.ICICI.MakerUser" time="4.53">
    <system-out><![CDATA[Sat Jan 06 14:56:52 IST 2024 - Maker loggedin
]]></system-out>
  </testcase>
  <testcase name="pendingCustomerDetails" classname="CKYC.ICICI.MakerUser" time="3.781">
    <system-out><![CDATA[Sat Jan 06 14:56:52 IST 2024 - Total 11 Pending customer found for makers Entry
]]></system-out>
  </testcase>
  <testcase name="pendingCustIsImgUpload" classname="CKYC.ICICI.MakerUser" time="36.873">
    <system-out><![CDATA[Sat Jan 06 14:56:52 IST 2024 - Img not uploaded for select customer
]]></system-out>
  </testcase>
  <testcase name="makerUserLogin" classname="CKYC.ICICI.AllSearch" time="3.983">
    <system-out><![CDATA[Sat Jan 06 14:56:52 IST 2024 - Maker loggedin
]]></system-out>
  </testcase>
  <testcase name="allSearchDownload" classname="CKYC.ICICI.AllSearch" time="19.554">
    <system-out><![CDATA[Sat Jan 06 14:56:52 IST 2024 -  Multi Search and Download Started
Sat Jan 06 14:56:52 IST 2024 - Searching with Aadhar no
Sat Jan 06 14:56:52 IST 2024 - Searching with PAN no
Sat Jan 06 14:56:52 IST 2024 - Searching with VoterID
Sat Jan 06 14:56:52 IST 2024 - Searching with PassportNO
Sat Jan 06 14:56:52 IST 2024 - Searching with CKYCID
Sat Jan 06 14:56:52 IST 2024 - Invalid Aadhaar Number
Sat Jan 06 14:56:52 IST 2024 - Invalid PAN Number
Sat Jan 06 14:56:52 IST 2024 - Invalid Passport Number
Sat Jan 06 14:56:52 IST 2024 - Invalid CKYC Number
Sat Jan 06 14:56:52 IST 2024 - End Search and Download Test
]]></system-out>
  </testcase>
</testsuite>