<?xml version="1.0" encoding="UTF-8"?>
<!-- Generated by org.testng.reporters.JUnitReportReporter -->
<testsuite hostname="ACSEDP183" failures="0" tests="1" name="CKYC.ICICI.ImageService" time="0.568" errors="0" timestamp="2023-12-11T17:29:46 IST" skipped="0">
  <testcase classname="CKYC.ICICI.ImageService" name="runImageService" time="0.568"/>
  <system-out/>
</testsuite> <!-- CKYC.ICICI.ImageService -->
