<?xml version="1.0" encoding="UTF-8"?>
<!-- Generated by org.testng.reporters.JUnitReportReporter -->
<testsuite hostname="ACSEDP183" failures="0" tests="2" name="CKYC.ICICI.AllSearch" time="19.362" errors="0" timestamp="2024-01-16T15:03:32 IST" skipped="0">
  <testcase classname="CKYC.ICICI.AllSearch" name="makerUserLogin" time="2.506"/>
  <system-out>
    <![CDATA[Tue Jan 16 15:00:58 IST 2024 - Maker User LoggedIn]]>
  </system-out>
  <testcase classname="CKYC.ICICI.AllSearch" name="allSearchDownload" time="16.856"/>
  <system-out>
    <![CDATA[Tue Jan 16 15:00:58 IST 2024 -  Multi Search and Download Started
Tue Jan 16 15:00:58 IST 2024 - Searching with Aadhar no
Tue Jan 16 15:00:58 IST 2024 - Searching with PAN no
Tue Jan 16 15:00:58 IST 2024 - Searching with VoterID
Tue Jan 16 15:00:58 IST 2024 - Searching with PassportNO
Tue Jan 16 15:00:58 IST 2024 - Searching with CKYCID
Tue Jan 16 15:00:58 IST 2024 - Invalid Aadhaar Number
Tue Jan 16 15:00:58 IST 2024 - Invalid PAN Number
Tue Jan 16 15:00:58 IST 2024 - Invalid Passport Number
Tue Jan 16 15:00:58 IST 2024 - Invalid CKYC Number]]>
  </system-out>
</testsuite> <!-- CKYC.ICICI.AllSearch -->
