<?xml version="1.0" encoding="UTF-8"?>
<!-- Generated by org.testng.reporters.JUnitReportReporter -->
<testsuite hostname="ACSEDP183" failures="2" tests="22" name="CKYC.ICICI.CentralUser" time="91.487" errors="0" timestamp="2024-01-16T15:03:32 IST" skipped="0">
  <testcase classname="CKYC.ICICI.CentralUser" name="loginCentralUser" time="4.006"/>
  <system-out>
    <![CDATA[Tue Jan 16 15:00:58 IST 2024 - Central user logged in successfully]]>
  </system-out>
  <testcase classname="CKYC.ICICI.CentralUser" name="uploadDumpFile" time="7.397"/>
  <system-out>
    <![CDATA[Tue Jan 16 15:00:58 IST 2024 - Dump file upload started
Tue Jan 16 15:00:58 IST 2024 - Dump File already exists. Upload new file.]]>
  </system-out>
  <testcase classname="CKYC.ICICI.CentralUser" name="generateCkycBulkFile" time="6.847"/>
  <system-out>
    <![CDATA[Tue Jan 16 15:00:58 IST 2024 - CKYC Bulk File Generate Test Started
Tue Jan 16 15:00:58 IST 2024 - CKYC Bulk File export failed - No records to export.]]>
  </system-out>
  <testcase classname="CKYC.ICICI.CentralUser" name="uploadCkycResponce" time="5.798"/>
  <system-out>
    <![CDATA[Tue Jan 16 15:00:58 IST 2024 - CKYC Responce upload started
Tue Jan 16 15:00:58 IST 2024 - Response File already exists. Upload new file.]]>
  </system-out>
  <testcase classname="CKYC.ICICI.CentralUser" name="ckycIdGeneretedReport" time="10.712"/>
  <system-out>
    <![CDATA[Tue Jan 16 15:00:58 IST 2024 - CKYC ID Grnerate Report Test Start
Tue Jan 16 15:00:58 IST 2024 - CKYC Generated ID End date should be greater than Start date
Tue Jan 16 15:00:58 IST 2024 - CKYC Generated ID Please Enter To Created Date]]>
  </system-out>
  <testcase classname="CKYC.ICICI.CentralUser" name="reportCBSImportError" time="3.435"/>
  <system-out>
    <![CDATA[Tue Jan 16 15:00:58 IST 2024 - Generating CBS Import Report]]>
  </system-out>
  <testcase classname="CKYC.ICICI.CentralUser" name="reportDraftSave" time="3.298"/>
  <system-out>
    <![CDATA[Tue Jan 16 15:00:58 IST 2024 - Generating Draft Save Report]]>
  </system-out>
  <testcase classname="CKYC.ICICI.CentralUser" name="reportImageUploadPending" time="3.504"/>
  <system-out>
    <![CDATA[Tue Jan 16 15:00:58 IST 2024 - Generating Draft Save Report]]>
  </system-out>
  <testcase classname="CKYC.ICICI.CentralUser" name="reportPendingCheckerApproval" time="3.523"/>
  <system-out>
    <![CDATA[Tue Jan 16 15:00:58 IST 2024 - GeneratingPending checker Approval Report]]>
  </system-out>
  <testcase classname="CKYC.ICICI.CentralUser" name="reportRejectedByChecker" time="3.143"/>
  <system-out>
    <![CDATA[Tue Jan 16 15:00:58 IST 2024 - Generating Rejected By Checker Report]]>
  </system-out>
  <testcase classname="CKYC.ICICI.CentralUser" name="reportApprovedByChecker" time="3.140"/>
  <system-out>
    <![CDATA[Tue Jan 16 15:00:58 IST 2024 - Generating Approved By Checker Report]]>
  </system-out>
  <testcase classname="CKYC.ICICI.CentralUser" name="reportBulkFileGenerated" time="2.986"/>
  <system-out>
    <![CDATA[Tue Jan 16 15:00:58 IST 2024 - Generating Bulk File Generated Report]]>
  </system-out>
  <testcase classname="CKYC.ICICI.CentralUser" name="reportFiReconcilationPending" time="2.927"/>
  <system-out>
    <![CDATA[Tue Jan 16 15:00:58 IST 2024 - Generating FI Reconcilation Pending Report]]>
  </system-out>
  <testcase classname="CKYC.ICICI.CentralUser" name="reportUploadedToCkycPortal" time="4.495">
    <failure message="null" type="java.lang.AssertionError">
      <![CDATA[java.lang.AssertionError: null
at org.testng.Assert.fail(Assert.java:110)
at org.testng.Assert.fail(Assert.java:115)
at CKYC.ICICI.CentralUser.reportUploadedToCkycPortal(CentralUser.java:1113)
at java.base/jdk.internal.reflect.NativeMethodAccessorImpl.invoke0(Native Method)
at java.base/jdk.internal.reflect.NativeMethodAccessorImpl.invoke(NativeMethodAccessorImpl.java:77)
at java.base/jdk.internal.reflect.DelegatingMethodAccessorImpl.invoke(DelegatingMethodAccessorImpl.java:43)
at java.base/java.lang.reflect.Method.invoke(Method.java:568)
at org.testng.internal.invokers.MethodInvocationHelper.invokeMethod(MethodInvocationHelper.java:139)
at org.testng.internal.invokers.TestInvoker.invokeMethod(TestInvoker.java:677)
at org.testng.internal.invokers.TestInvoker.invokeTestMethod(TestInvoker.java:221)
at org.testng.internal.invokers.MethodRunner.runInSequence(MethodRunner.java:50)
at org.testng.internal.invokers.TestInvoker$MethodInvocationAgent.invoke(TestInvoker.java:969)
at org.testng.internal.invokers.TestInvoker.invokeTestMethods(TestInvoker.java:194)
at org.testng.internal.invokers.TestMethodWorker.invokeTestMethods(TestMethodWorker.java:148)
at org.testng.internal.invokers.TestMethodWorker.run(TestMethodWorker.java:128)
at java.base/java.util.ArrayList.forEach(ArrayList.java:1511)
at org.testng.TestRunner.privateRun(TestRunner.java:829)
at org.testng.TestRunner.run(TestRunner.java:602)
at org.testng.SuiteRunner.runTest(SuiteRunner.java:437)
at org.testng.SuiteRunner.runSequentially(SuiteRunner.java:431)
at org.testng.SuiteRunner.privateRun(SuiteRunner.java:391)
at org.testng.SuiteRunner.run(SuiteRunner.java:330)
at org.testng.SuiteRunnerWorker.runSuite(SuiteRunnerWorker.java:52)
at org.testng.SuiteRunnerWorker.run(SuiteRunnerWorker.java:95)
at org.testng.TestNG.runSuitesSequentially(TestNG.java:1256)
at org.testng.TestNG.runSuitesLocally(TestNG.java:1176)
at org.testng.TestNG.runSuites(TestNG.java:1099)
at org.testng.TestNG.run(TestNG.java:1067)
at org.testng.remote.AbstractRemoteTestNG.run(AbstractRemoteTestNG.java:115)
at org.testng.remote.RemoteTestNG.initAndRun(RemoteTestNG.java:251)
at org.testng.remote.RemoteTestNG.main(RemoteTestNG.java:77)
]]>
    </failure>
  </testcase> <!-- reportUploadedToCkycPortal -->
  <system-out>
    <![CDATA[Tue Jan 16 15:00:58 IST 2024 - Generating Uploaded to CKYC Portal Report]]>
  </system-out>
  <testcase classname="CKYC.ICICI.CentralUser" name="reportCkycIdExisting" time="2.878"/>
  <system-out>
    <![CDATA[Tue Jan 16 15:00:58 IST 2024 - Generating CKYC ID existing Report]]>
  </system-out>
  <testcase classname="CKYC.ICICI.CentralUser" name="reportRjectedCkycPortal" time="2.969"/>
  <system-out>
    <![CDATA[Tue Jan 16 15:00:58 IST 2024 - Generating  Rejected CKYC Portal Report]]>
  </system-out>
  <testcase classname="CKYC.ICICI.CentralUser" name="reportStageOneResponce" time="3.312"/>
  <system-out>
    <![CDATA[Tue Jan 16 15:00:58 IST 2024 - Generating  Stage One Responce Report]]>
  </system-out>
  <testcase classname="CKYC.ICICI.CentralUser" name="reportCkycIdGenerated" time="2.998"/>
  <system-out>
    <![CDATA[Tue Jan 16 15:00:58 IST 2024 - Generating  CKYC ID Generated Report]]>
  </system-out>
  <testcase classname="CKYC.ICICI.CentralUser" name="reportFiReconResponse" time="2.995"/>
  <system-out>
    <![CDATA[Tue Jan 16 15:00:58 IST 2024 - Generating  FI Recon Response Report]]>
  </system-out>
  <testcase classname="CKYC.ICICI.CentralUser" name="reportCkycRecordSuccUpdated" time="3.192"/>
  <system-out>
    <![CDATA[Tue Jan 16 15:00:58 IST 2024 - Generating  CKYC ID Successfully Updated Report]]>
  </system-out>
  <testcase classname="CKYC.ICICI.CentralUser" name="custSearchDetailRecord" time="4.701"/>
  <system-out/>
  <testcase classname="CKYC.ICICI.CentralUser" name="helpTab" time="3.231">
    <failure message="null" type="java.lang.AssertionError">
      <![CDATA[java.lang.AssertionError: null
at org.testng.Assert.fail(Assert.java:110)
at org.testng.Assert.fail(Assert.java:115)
at CKYC.ICICI.CentralUser.helpTab(CentralUser.java:1690)
at java.base/jdk.internal.reflect.NativeMethodAccessorImpl.invoke0(Native Method)
at java.base/jdk.internal.reflect.NativeMethodAccessorImpl.invoke(NativeMethodAccessorImpl.java:77)
at java.base/jdk.internal.reflect.DelegatingMethodAccessorImpl.invoke(DelegatingMethodAccessorImpl.java:43)
at java.base/java.lang.reflect.Method.invoke(Method.java:568)
at org.testng.internal.invokers.MethodInvocationHelper.invokeMethod(MethodInvocationHelper.java:139)
at org.testng.internal.invokers.TestInvoker.invokeMethod(TestInvoker.java:677)
at org.testng.internal.invokers.TestInvoker.invokeTestMethod(TestInvoker.java:221)
at org.testng.internal.invokers.MethodRunner.runInSequence(MethodRunner.java:50)
at org.testng.internal.invokers.TestInvoker$MethodInvocationAgent.invoke(TestInvoker.java:969)
at org.testng.internal.invokers.TestInvoker.invokeTestMethods(TestInvoker.java:194)
at org.testng.internal.invokers.TestMethodWorker.invokeTestMethods(TestMethodWorker.java:148)
at org.testng.internal.invokers.TestMethodWorker.run(TestMethodWorker.java:128)
at java.base/java.util.ArrayList.forEach(ArrayList.java:1511)
at org.testng.TestRunner.privateRun(TestRunner.java:829)
at org.testng.TestRunner.run(TestRunner.java:602)
at org.testng.SuiteRunner.runTest(SuiteRunner.java:437)
at org.testng.SuiteRunner.runSequentially(SuiteRunner.java:431)
at org.testng.SuiteRunner.privateRun(SuiteRunner.java:391)
at org.testng.SuiteRunner.run(SuiteRunner.java:330)
at org.testng.SuiteRunnerWorker.runSuite(SuiteRunnerWorker.java:52)
at org.testng.SuiteRunnerWorker.run(SuiteRunnerWorker.java:95)
at org.testng.TestNG.runSuitesSequentially(TestNG.java:1256)
at org.testng.TestNG.runSuitesLocally(TestNG.java:1176)
at org.testng.TestNG.runSuites(TestNG.java:1099)
at org.testng.TestNG.run(TestNG.java:1067)
at org.testng.remote.AbstractRemoteTestNG.run(AbstractRemoteTestNG.java:115)
at org.testng.remote.RemoteTestNG.initAndRun(RemoteTestNG.java:251)
at org.testng.remote.RemoteTestNG.main(RemoteTestNG.java:77)
]]>
    </failure>
  </testcase> <!-- helpTab -->
  <system-out/>
</testsuite> <!-- CKYC.ICICI.CentralUser -->
