<?xml version="1.0" encoding="UTF-8"?>
<!-- Generated by org.testng.reporters.JUnitReportReporter -->
<testsuite hostname="ACSEDP183" failures="0" tests="3" name="CKYC.ICICI.MakerUser" time="37.168" errors="0" timestamp="2024-01-16T15:03:32 IST" skipped="0">
  <testcase classname="CKYC.ICICI.MakerUser" name="makerUserLogin" time="2.175"/>
  <system-out>
    <![CDATA[Tue Jan 16 15:00:58 IST 2024 - Maker User LoggedIn]]>
  </system-out>
  <testcase classname="CKYC.ICICI.MakerUser" name="pendingCustomerDetails" time="2.447"/>
  <system-out>
    <![CDATA[Tue Jan 16 15:00:58 IST 2024 - Checking Pending customer count
Tue Jan 16 15:00:58 IST 2024 - Total 11 Pending customer found for makers Entry]]>
  </system-out>
  <testcase classname="CKYC.ICICI.MakerUser" name="pendingCustIsImgUpload" time="32.546"/>
  <system-out>
    <![CDATA[Tue Jan 16 15:00:58 IST 2024 - Checking images for recent pending customer
Tue Jan 16 15:00:58 IST 2024 - Img not uploaded for select customer]]>
  </system-out>
</testsuite> <!-- CKYC.ICICI.MakerUser -->
